[2023-01-17T23:07:28.878+0000] {taskinstance.py:1087} INFO - Dependencies all met for <TaskInstance: accidents_data_etl_pipeline.transform_encoding_load_task manual__2023-01-17T23:05:32.924578+00:00 [queued]>
[2023-01-17T23:07:28.904+0000] {taskinstance.py:1087} INFO - Dependencies all met for <TaskInstance: accidents_data_etl_pipeline.transform_encoding_load_task manual__2023-01-17T23:05:32.924578+00:00 [queued]>
[2023-01-17T23:07:28.905+0000] {taskinstance.py:1283} INFO - 
--------------------------------------------------------------------------------
[2023-01-17T23:07:28.907+0000] {taskinstance.py:1284} INFO - Starting attempt 1 of 2
[2023-01-17T23:07:28.908+0000] {taskinstance.py:1285} INFO - 
--------------------------------------------------------------------------------
[2023-01-17T23:07:28.966+0000] {taskinstance.py:1304} INFO - Executing <Task(PythonOperator): transform_encoding_load_task> on 2023-01-17 23:05:32.924578+00:00
[2023-01-17T23:07:28.988+0000] {standard_task_runner.py:55} INFO - Started process 10825 to run task
[2023-01-17T23:07:29.001+0000] {standard_task_runner.py:82} INFO - Running: ['***', 'tasks', 'run', 'accidents_data_etl_pipeline', 'transform_encoding_load_task', 'manual__2023-01-17T23:05:32.924578+00:00', '--job-id', '64', '--raw', '--subdir', 'DAGS_FOLDER/etl.py', '--cfg-path', '/tmp/tmpqx6q_nn5']
[2023-01-17T23:07:29.007+0000] {standard_task_runner.py:83} INFO - Job 64: Subtask transform_encoding_load_task
[2023-01-17T23:07:29.139+0000] {task_command.py:389} INFO - Running <TaskInstance: accidents_data_etl_pipeline.transform_encoding_load_task manual__2023-01-17T23:05:32.924578+00:00 [running]> on host 7fc7752d3cb4
[2023-01-17T23:07:29.278+0000] {taskinstance.py:1513} INFO - Exporting the following env vars:
AIRFLOW_CTX_DAG_OWNER=***
AIRFLOW_CTX_DAG_ID=accidents_data_etl_pipeline
AIRFLOW_CTX_TASK_ID=transform_encoding_load_task
AIRFLOW_CTX_EXECUTION_DATE=2023-01-17T23:05:32.924578+00:00
AIRFLOW_CTX_TRY_NUMBER=1
AIRFLOW_CTX_DAG_RUN_ID=manual__2023-01-17T23:05:32.924578+00:00
[2023-01-17T23:07:35.957+0000] {logging_mixin.py:137} WARNING - /home/***/.local/lib/python3.7/site-packages/***/operators/python.py:192 DtypeWarning: Columns (10) have mixed types.Specify dtype option on import or set low_memory=False.
[2023-01-17T23:07:36.321+0000] {logging_mixin.py:137} INFO - loaded for ppreproccing succesfully
[2023-01-17T23:07:36.322+0000] {logging_mixin.py:137} INFO - 1
[2023-01-17T23:07:36.799+0000] {logging_mixin.py:137} INFO - 1
[2023-01-17T23:07:37.193+0000] {logging_mixin.py:137} INFO - 1
[2023-01-17T23:07:37.494+0000] {logging_mixin.py:137} INFO - 1
[2023-01-17T23:07:37.616+0000] {logging_mixin.py:137} INFO - 1
[2023-01-17T23:07:38.053+0000] {logging_mixin.py:137} INFO - 1
[2023-01-17T23:07:38.333+0000] {logging_mixin.py:137} INFO - 1
[2023-01-17T23:07:38.334+0000] {logging_mixin.py:137} INFO - 1
[2023-01-17T23:07:38.607+0000] {logging_mixin.py:137} INFO - 1
[2023-01-17T23:07:39.243+0000] {logging_mixin.py:137} INFO - 1
[2023-01-17T23:08:18.344+0000] {local_task_job.py:159} INFO - Task exited with return code Negsignal.SIGKILL
[2023-01-17T23:08:19.045+0000] {taskinstance.py:2582} INFO - 0 downstream tasks scheduled from follow-on schedule check
