[2023-01-17T23:00:43.332+0000] {taskinstance.py:1087} INFO - Dependencies all met for <TaskInstance: accidents_data_etl_pipeline.transform_encoding_load_task manual__2023-01-17T22:48:12.753375+00:00 [queued]>
[2023-01-17T23:00:43.406+0000] {taskinstance.py:1087} INFO - Dependencies all met for <TaskInstance: accidents_data_etl_pipeline.transform_encoding_load_task manual__2023-01-17T22:48:12.753375+00:00 [queued]>
[2023-01-17T23:00:43.408+0000] {taskinstance.py:1283} INFO - 
--------------------------------------------------------------------------------
[2023-01-17T23:00:43.415+0000] {taskinstance.py:1284} INFO - Starting attempt 2 of 2
[2023-01-17T23:00:43.418+0000] {taskinstance.py:1285} INFO - 
--------------------------------------------------------------------------------
[2023-01-17T23:00:43.519+0000] {taskinstance.py:1304} INFO - Executing <Task(PythonOperator): transform_encoding_load_task> on 2023-01-17 22:48:12.753375+00:00
[2023-01-17T23:00:43.580+0000] {standard_task_runner.py:55} INFO - Started process 10450 to run task
[2023-01-17T23:00:43.638+0000] {standard_task_runner.py:82} INFO - Running: ['***', 'tasks', 'run', 'accidents_data_etl_pipeline', 'transform_encoding_load_task', 'manual__2023-01-17T22:48:12.753375+00:00', '--job-id', '61', '--raw', '--subdir', 'DAGS_FOLDER/etl.py', '--cfg-path', '/tmp/tmpzxquw638']
[2023-01-17T23:00:43.646+0000] {standard_task_runner.py:83} INFO - Job 61: Subtask transform_encoding_load_task
[2023-01-17T23:00:44.024+0000] {task_command.py:389} INFO - Running <TaskInstance: accidents_data_etl_pipeline.transform_encoding_load_task manual__2023-01-17T22:48:12.753375+00:00 [running]> on host 7fc7752d3cb4
[2023-01-17T23:00:44.298+0000] {taskinstance.py:1513} INFO - Exporting the following env vars:
AIRFLOW_CTX_DAG_OWNER=***
AIRFLOW_CTX_DAG_ID=accidents_data_etl_pipeline
AIRFLOW_CTX_TASK_ID=transform_encoding_load_task
AIRFLOW_CTX_EXECUTION_DATE=2023-01-17T22:48:12.753375+00:00
AIRFLOW_CTX_TRY_NUMBER=2
AIRFLOW_CTX_DAG_RUN_ID=manual__2023-01-17T22:48:12.753375+00:00
[2023-01-17T23:00:59.910+0000] {logging_mixin.py:137} WARNING - /home/***/.local/lib/python3.7/site-packages/***/operators/python.py:192 DtypeWarning: Columns (10) have mixed types.Specify dtype option on import or set low_memory=False.
[2023-01-17T23:01:11.019+0000] {logging_mixin.py:137} INFO - loaded after cleaning succesfully
[2023-01-17T23:01:50.495+0000] {local_task_job.py:159} INFO - Task exited with return code Negsignal.SIGKILL
[2023-01-17T23:01:53.143+0000] {taskinstance.py:2582} INFO - 0 downstream tasks scheduled from follow-on schedule check
