[2023-01-17T20:01:16.744+0000] {taskinstance.py:1087} INFO - Dependencies all met for <TaskInstance: accidents_data_etl_pipeline.extract_integrate_dataset scheduled__2023-01-15T00:00:00+00:00 [queued]>
[2023-01-17T20:01:16.793+0000] {taskinstance.py:1087} INFO - Dependencies all met for <TaskInstance: accidents_data_etl_pipeline.extract_integrate_dataset scheduled__2023-01-15T00:00:00+00:00 [queued]>
[2023-01-17T20:01:16.794+0000] {taskinstance.py:1283} INFO - 
--------------------------------------------------------------------------------
[2023-01-17T20:01:16.800+0000] {taskinstance.py:1284} INFO - Starting attempt 2 of 2
[2023-01-17T20:01:16.801+0000] {taskinstance.py:1285} INFO - 
--------------------------------------------------------------------------------
[2023-01-17T20:01:16.916+0000] {taskinstance.py:1304} INFO - Executing <Task(PythonOperator): extract_integrate_dataset> on 2023-01-15 00:00:00+00:00
[2023-01-17T20:01:16.975+0000] {standard_task_runner.py:55} INFO - Started process 764 to run task
[2023-01-17T20:01:17.037+0000] {standard_task_runner.py:82} INFO - Running: ['***', 'tasks', 'run', 'accidents_data_etl_pipeline', 'extract_integrate_dataset', 'scheduled__2023-01-15T00:00:00+00:00', '--job-id', '15', '--raw', '--subdir', 'DAGS_FOLDER/etl.py', '--cfg-path', '/tmp/tmp19metls5']
[2023-01-17T20:01:17.048+0000] {standard_task_runner.py:83} INFO - Job 15: Subtask extract_integrate_dataset
[2023-01-17T20:01:17.542+0000] {task_command.py:389} INFO - Running <TaskInstance: accidents_data_etl_pipeline.extract_integrate_dataset scheduled__2023-01-15T00:00:00+00:00 [running]> on host 7fc7752d3cb4
[2023-01-17T20:01:18.431+0000] {taskinstance.py:1513} INFO - Exporting the following env vars:
AIRFLOW_CTX_DAG_OWNER=***
AIRFLOW_CTX_DAG_ID=accidents_data_etl_pipeline
AIRFLOW_CTX_TASK_ID=extract_integrate_dataset
AIRFLOW_CTX_EXECUTION_DATE=2023-01-15T00:00:00+00:00
AIRFLOW_CTX_TRY_NUMBER=2
AIRFLOW_CTX_DAG_RUN_ID=scheduled__2023-01-15T00:00:00+00:00
[2023-01-17T20:01:18.442+0000] {logging_mixin.py:137} INFO - got file paths successfully
[2023-01-17T20:01:30.944+0000] {logging_mixin.py:137} WARNING - /home/***/.local/lib/python3.7/site-packages/***/operators/python.py:192 DtypeWarning: Columns (14) have mixed types.Specify dtype option on import or set low_memory=False.
[2023-01-17T20:01:38.670+0000] {logging_mixin.py:137} WARNING - /home/***/.local/lib/python3.7/site-packages/***/operators/python.py:192 DtypeWarning: Columns (10) have mixed types.Specify dtype option on import or set low_memory=False.
[2023-01-17T20:02:23.891+0000] {logging_mixin.py:137} WARNING - /home/***/.local/lib/python3.7/site-packages/***/operators/python.py:192 DtypeWarning: Columns (0,2,14) have mixed types.Specify dtype option on import or set low_memory=False.
[2023-01-17T20:02:56.565+0000] {logging_mixin.py:137} INFO - loaded CSVs files to df successfully
[2023-01-17T20:04:43.331+0000] {local_task_job.py:159} INFO - Task exited with return code Negsignal.SIGKILL
[2023-01-17T20:04:47.609+0000] {taskinstance.py:2582} INFO - 0 downstream tasks scheduled from follow-on schedule check
