[2023-01-17T23:31:22.283+0000] {taskinstance.py:1087} INFO - Dependencies all met for <TaskInstance: accidents_data_etl_pipeline.extract_integrate_task manual__2023-01-17T23:31:14.570382+00:00 [queued]>
[2023-01-17T23:31:22.319+0000] {taskinstance.py:1087} INFO - Dependencies all met for <TaskInstance: accidents_data_etl_pipeline.extract_integrate_task manual__2023-01-17T23:31:14.570382+00:00 [queued]>
[2023-01-17T23:31:22.320+0000] {taskinstance.py:1283} INFO - 
--------------------------------------------------------------------------------
[2023-01-17T23:31:22.321+0000] {taskinstance.py:1284} INFO - Starting attempt 1 of 2
[2023-01-17T23:31:22.321+0000] {taskinstance.py:1285} INFO - 
--------------------------------------------------------------------------------
[2023-01-17T23:31:22.349+0000] {taskinstance.py:1304} INFO - Executing <Task(PythonOperator): extract_integrate_task> on 2023-01-17 23:31:14.570382+00:00
[2023-01-17T23:31:22.397+0000] {standard_task_runner.py:55} INFO - Started process 12179 to run task
[2023-01-17T23:31:22.404+0000] {standard_task_runner.py:82} INFO - Running: ['***', 'tasks', 'run', 'accidents_data_etl_pipeline', 'extract_integrate_task', 'manual__2023-01-17T23:31:14.570382+00:00', '--job-id', '65', '--raw', '--subdir', 'DAGS_FOLDER/etl.py', '--cfg-path', '/tmp/tmpcn4ii8ql']
[2023-01-17T23:31:22.408+0000] {standard_task_runner.py:83} INFO - Job 65: Subtask extract_integrate_task
[2023-01-17T23:31:22.535+0000] {task_command.py:389} INFO - Running <TaskInstance: accidents_data_etl_pipeline.extract_integrate_task manual__2023-01-17T23:31:14.570382+00:00 [running]> on host 7fc7752d3cb4
[2023-01-17T23:31:22.676+0000] {taskinstance.py:1513} INFO - Exporting the following env vars:
AIRFLOW_CTX_DAG_OWNER=***
AIRFLOW_CTX_DAG_ID=accidents_data_etl_pipeline
AIRFLOW_CTX_TASK_ID=extract_integrate_task
AIRFLOW_CTX_EXECUTION_DATE=2023-01-17T23:31:14.570382+00:00
AIRFLOW_CTX_TRY_NUMBER=1
AIRFLOW_CTX_DAG_RUN_ID=manual__2023-01-17T23:31:14.570382+00:00
[2023-01-17T23:31:22.691+0000] {logging_mixin.py:137} INFO - got file paths successfully
[2023-01-17T23:31:26.088+0000] {logging_mixin.py:137} WARNING - /home/***/.local/lib/python3.7/site-packages/***/operators/python.py:192 DtypeWarning: Columns (10) have mixed types.Specify dtype option on import or set low_memory=False.
[2023-01-17T23:31:29.423+0000] {logging_mixin.py:137} INFO - loaded CSVs files to df successfully
[2023-01-17T23:31:49.994+0000] {logging_mixin.py:137} INFO - data integrated successfully
[2023-01-17T23:31:50.096+0000] {python.py:177} INFO - Done. Returned value was: None
[2023-01-17T23:31:50.150+0000] {taskinstance.py:1327} INFO - Marking task as SUCCESS. dag_id=accidents_data_etl_pipeline, task_id=extract_integrate_task, execution_date=20230117T233114, start_date=20230117T233122, end_date=20230117T233150
[2023-01-17T23:31:50.283+0000] {local_task_job.py:159} INFO - Task exited with return code 0
[2023-01-17T23:31:50.491+0000] {taskinstance.py:2582} INFO - 1 downstream tasks scheduled from follow-on schedule check
