[2023-01-17T22:57:11.890+0000] {taskinstance.py:1087} INFO - Dependencies all met for <TaskInstance: accidents_data_etl_pipeline.transform_encoding_load_task manual__2023-01-17T22:55:37.346759+00:00 [queued]>
[2023-01-17T22:57:11.922+0000] {taskinstance.py:1087} INFO - Dependencies all met for <TaskInstance: accidents_data_etl_pipeline.transform_encoding_load_task manual__2023-01-17T22:55:37.346759+00:00 [queued]>
[2023-01-17T22:57:11.923+0000] {taskinstance.py:1283} INFO - 
--------------------------------------------------------------------------------
[2023-01-17T22:57:11.941+0000] {taskinstance.py:1284} INFO - Starting attempt 1 of 2
[2023-01-17T22:57:11.942+0000] {taskinstance.py:1285} INFO - 
--------------------------------------------------------------------------------
[2023-01-17T22:57:11.995+0000] {taskinstance.py:1304} INFO - Executing <Task(PythonOperator): transform_encoding_load_task> on 2023-01-17 22:55:37.346759+00:00
[2023-01-17T22:57:12.012+0000] {standard_task_runner.py:55} INFO - Started process 10291 to run task
[2023-01-17T22:57:12.030+0000] {standard_task_runner.py:82} INFO - Running: ['***', 'tasks', 'run', 'accidents_data_etl_pipeline', 'transform_encoding_load_task', 'manual__2023-01-17T22:55:37.346759+00:00', '--job-id', '59', '--raw', '--subdir', 'DAGS_FOLDER/etl.py', '--cfg-path', '/tmp/tmpjmtwte96']
[2023-01-17T22:57:12.034+0000] {standard_task_runner.py:83} INFO - Job 59: Subtask transform_encoding_load_task
[2023-01-17T22:57:12.213+0000] {task_command.py:389} INFO - Running <TaskInstance: accidents_data_etl_pipeline.transform_encoding_load_task manual__2023-01-17T22:55:37.346759+00:00 [running]> on host 7fc7752d3cb4
[2023-01-17T22:57:12.328+0000] {taskinstance.py:1513} INFO - Exporting the following env vars:
AIRFLOW_CTX_DAG_OWNER=***
AIRFLOW_CTX_DAG_ID=accidents_data_etl_pipeline
AIRFLOW_CTX_TASK_ID=transform_encoding_load_task
AIRFLOW_CTX_EXECUTION_DATE=2023-01-17T22:55:37.346759+00:00
AIRFLOW_CTX_TRY_NUMBER=1
AIRFLOW_CTX_DAG_RUN_ID=manual__2023-01-17T22:55:37.346759+00:00
[2023-01-17T22:57:19.986+0000] {logging_mixin.py:137} WARNING - /home/***/.local/lib/python3.7/site-packages/***/operators/python.py:192 DtypeWarning: Columns (10) have mixed types.Specify dtype option on import or set low_memory=False.
[2023-01-17T22:57:20.629+0000] {logging_mixin.py:137} INFO - loaded after cleaning succesfully
[2023-01-17T22:58:09.267+0000] {local_task_job.py:159} INFO - Task exited with return code Negsignal.SIGKILL
[2023-01-17T22:58:11.323+0000] {taskinstance.py:2582} INFO - 0 downstream tasks scheduled from follow-on schedule check
