[2023-01-17T22:45:34.213+0000] {taskinstance.py:1087} INFO - Dependencies all met for <TaskInstance: accidents_data_etl_pipeline.extract_integrate_dataset manual__2023-01-17T22:45:29.270260+00:00 [queued]>
[2023-01-17T22:45:34.240+0000] {taskinstance.py:1087} INFO - Dependencies all met for <TaskInstance: accidents_data_etl_pipeline.extract_integrate_dataset manual__2023-01-17T22:45:29.270260+00:00 [queued]>
[2023-01-17T22:45:34.241+0000] {taskinstance.py:1283} INFO - 
--------------------------------------------------------------------------------
[2023-01-17T22:45:34.242+0000] {taskinstance.py:1284} INFO - Starting attempt 1 of 2
[2023-01-17T22:45:34.242+0000] {taskinstance.py:1285} INFO - 
--------------------------------------------------------------------------------
[2023-01-17T22:45:34.271+0000] {taskinstance.py:1304} INFO - Executing <Task(PythonOperator): extract_integrate_dataset> on 2023-01-17 22:45:29.270260+00:00
[2023-01-17T22:45:34.289+0000] {standard_task_runner.py:55} INFO - Started process 9673 to run task
[2023-01-17T22:45:34.300+0000] {standard_task_runner.py:82} INFO - Running: ['***', 'tasks', 'run', 'accidents_data_etl_pipeline', 'extract_integrate_dataset', 'manual__2023-01-17T22:45:29.270260+00:00', '--job-id', '48', '--raw', '--subdir', 'DAGS_FOLDER/etl.py', '--cfg-path', '/tmp/tmp8duv8rzf']
[2023-01-17T22:45:34.310+0000] {standard_task_runner.py:83} INFO - Job 48: Subtask extract_integrate_dataset
[2023-01-17T22:45:34.494+0000] {task_command.py:389} INFO - Running <TaskInstance: accidents_data_etl_pipeline.extract_integrate_dataset manual__2023-01-17T22:45:29.270260+00:00 [running]> on host 7fc7752d3cb4
[2023-01-17T22:45:34.660+0000] {taskinstance.py:1513} INFO - Exporting the following env vars:
AIRFLOW_CTX_DAG_OWNER=***
AIRFLOW_CTX_DAG_ID=accidents_data_etl_pipeline
AIRFLOW_CTX_TASK_ID=extract_integrate_dataset
AIRFLOW_CTX_EXECUTION_DATE=2023-01-17T22:45:29.270260+00:00
AIRFLOW_CTX_TRY_NUMBER=1
AIRFLOW_CTX_DAG_RUN_ID=manual__2023-01-17T22:45:29.270260+00:00
[2023-01-17T22:45:34.669+0000] {logging_mixin.py:137} INFO - got file paths successfully
[2023-01-17T22:45:38.115+0000] {logging_mixin.py:137} WARNING - /home/***/.local/lib/python3.7/site-packages/***/operators/python.py:192 DtypeWarning: Columns (10) have mixed types.Specify dtype option on import or set low_memory=False.
[2023-01-17T22:45:52.641+0000] {logging_mixin.py:137} WARNING - /home/***/.local/lib/python3.7/site-packages/***/operators/python.py:192 DtypeWarning: Columns (10,28,29) have mixed types.Specify dtype option on import or set low_memory=False.
[2023-01-17T22:46:00.772+0000] {logging_mixin.py:137} INFO - loaded CSVs files to df successfully
[2023-01-17T22:46:41.377+0000] {local_task_job.py:159} INFO - Task exited with return code Negsignal.SIGKILL
[2023-01-17T22:46:43.845+0000] {taskinstance.py:2582} INFO - 0 downstream tasks scheduled from follow-on schedule check
