[2023-01-17T23:05:42.312+0000] {taskinstance.py:1087} INFO - Dependencies all met for <TaskInstance: accidents_data_etl_pipeline.extract_integrate_task manual__2023-01-17T23:05:32.924578+00:00 [queued]>
[2023-01-17T23:05:42.872+0000] {taskinstance.py:1087} INFO - Dependencies all met for <TaskInstance: accidents_data_etl_pipeline.extract_integrate_task manual__2023-01-17T23:05:32.924578+00:00 [queued]>
[2023-01-17T23:05:42.873+0000] {taskinstance.py:1283} INFO - 
--------------------------------------------------------------------------------
[2023-01-17T23:05:42.876+0000] {taskinstance.py:1284} INFO - Starting attempt 1 of 2
[2023-01-17T23:05:42.877+0000] {taskinstance.py:1285} INFO - 
--------------------------------------------------------------------------------
[2023-01-17T23:05:42.914+0000] {taskinstance.py:1304} INFO - Executing <Task(PythonOperator): extract_integrate_task> on 2023-01-17 23:05:32.924578+00:00
[2023-01-17T23:05:43.054+0000] {standard_task_runner.py:55} INFO - Started process 10730 to run task
[2023-01-17T23:05:43.079+0000] {standard_task_runner.py:82} INFO - Running: ['***', 'tasks', 'run', 'accidents_data_etl_pipeline', 'extract_integrate_task', 'manual__2023-01-17T23:05:32.924578+00:00', '--job-id', '62', '--raw', '--subdir', 'DAGS_FOLDER/etl.py', '--cfg-path', '/tmp/tmpq41h5j0y']
[2023-01-17T23:05:43.108+0000] {standard_task_runner.py:83} INFO - Job 62: Subtask extract_integrate_task
[2023-01-17T23:05:43.409+0000] {task_command.py:389} INFO - Running <TaskInstance: accidents_data_etl_pipeline.extract_integrate_task manual__2023-01-17T23:05:32.924578+00:00 [running]> on host 7fc7752d3cb4
[2023-01-17T23:05:43.807+0000] {taskinstance.py:1513} INFO - Exporting the following env vars:
AIRFLOW_CTX_DAG_OWNER=***
AIRFLOW_CTX_DAG_ID=accidents_data_etl_pipeline
AIRFLOW_CTX_TASK_ID=extract_integrate_task
AIRFLOW_CTX_EXECUTION_DATE=2023-01-17T23:05:32.924578+00:00
AIRFLOW_CTX_TRY_NUMBER=1
AIRFLOW_CTX_DAG_RUN_ID=manual__2023-01-17T23:05:32.924578+00:00
[2023-01-17T23:05:43.822+0000] {logging_mixin.py:137} INFO - got file paths successfully
[2023-01-17T23:05:55.770+0000] {logging_mixin.py:137} WARNING - /home/***/.local/lib/python3.7/site-packages/***/operators/python.py:192 DtypeWarning: Columns (10) have mixed types.Specify dtype option on import or set low_memory=False.
[2023-01-17T23:05:59.040+0000] {logging_mixin.py:137} INFO - loaded CSVs files to df successfully
[2023-01-17T23:06:32.816+0000] {logging_mixin.py:137} INFO - data integrated successfully
[2023-01-17T23:06:32.928+0000] {python.py:177} INFO - Done. Returned value was: None
[2023-01-17T23:06:33.381+0000] {taskinstance.py:1327} INFO - Marking task as SUCCESS. dag_id=accidents_data_etl_pipeline, task_id=extract_integrate_task, execution_date=20230117T230532, start_date=20230117T230542, end_date=20230117T230633
[2023-01-17T23:06:33.718+0000] {local_task_job.py:159} INFO - Task exited with return code 0
[2023-01-17T23:06:34.114+0000] {taskinstance.py:2582} INFO - 1 downstream tasks scheduled from follow-on schedule check
