[2023-01-17T21:07:13.746+0000] {taskinstance.py:1087} INFO - Dependencies all met for <TaskInstance: accidents_data_etl_pipeline.extract_integrate_dataset manual__2023-01-17T21:00:54.294631+00:00 [queued]>
[2023-01-17T21:07:13.764+0000] {taskinstance.py:1087} INFO - Dependencies all met for <TaskInstance: accidents_data_etl_pipeline.extract_integrate_dataset manual__2023-01-17T21:00:54.294631+00:00 [queued]>
[2023-01-17T21:07:13.765+0000] {taskinstance.py:1283} INFO - 
--------------------------------------------------------------------------------
[2023-01-17T21:07:13.766+0000] {taskinstance.py:1284} INFO - Starting attempt 2 of 2
[2023-01-17T21:07:13.767+0000] {taskinstance.py:1285} INFO - 
--------------------------------------------------------------------------------
[2023-01-17T21:07:13.799+0000] {taskinstance.py:1304} INFO - Executing <Task(PythonOperator): extract_integrate_dataset> on 2023-01-17 21:00:54.294631+00:00
[2023-01-17T21:07:13.808+0000] {standard_task_runner.py:55} INFO - Started process 4418 to run task
[2023-01-17T21:07:13.815+0000] {standard_task_runner.py:82} INFO - Running: ['***', 'tasks', 'run', 'accidents_data_etl_pipeline', 'extract_integrate_dataset', 'manual__2023-01-17T21:00:54.294631+00:00', '--job-id', '33', '--raw', '--subdir', 'DAGS_FOLDER/etl.py', '--cfg-path', '/tmp/tmpn3hov9ah']
[2023-01-17T21:07:13.818+0000] {standard_task_runner.py:83} INFO - Job 33: Subtask extract_integrate_dataset
[2023-01-17T21:07:13.953+0000] {task_command.py:389} INFO - Running <TaskInstance: accidents_data_etl_pipeline.extract_integrate_dataset manual__2023-01-17T21:00:54.294631+00:00 [running]> on host 7fc7752d3cb4
[2023-01-17T21:07:14.461+0000] {taskinstance.py:1513} INFO - Exporting the following env vars:
AIRFLOW_CTX_DAG_OWNER=***
AIRFLOW_CTX_DAG_ID=accidents_data_etl_pipeline
AIRFLOW_CTX_TASK_ID=extract_integrate_dataset
AIRFLOW_CTX_EXECUTION_DATE=2023-01-17T21:00:54.294631+00:00
AIRFLOW_CTX_TRY_NUMBER=2
AIRFLOW_CTX_DAG_RUN_ID=manual__2023-01-17T21:00:54.294631+00:00
[2023-01-17T21:07:14.475+0000] {logging_mixin.py:137} INFO - got file paths successfully
[2023-01-17T21:07:18.245+0000] {logging_mixin.py:137} WARNING - /home/***/.local/lib/python3.7/site-packages/***/operators/python.py:192 DtypeWarning: Columns (10) have mixed types.Specify dtype option on import or set low_memory=False.
[2023-01-17T21:07:23.255+0000] {logging_mixin.py:137} INFO - loaded CSVs files to df successfully
[2023-01-17T21:07:23.264+0000] {logging_mixin.py:137} INFO - Index(['accident_index', 'accident_year', 'accident_reference',
       'vehicle_reference', 'vehicle_type', 'towing_and_articulation',
       'vehicle_manoeuvre', 'vehicle_direction_from', 'vehicle_direction_to',
       'vehicle_location_restricted_lane', 'junction_location',
       'skidding_and_overturning', 'hit_object_in_carriageway',
       'vehicle_leaving_carriageway', 'hit_object_off_carriageway',
       'first_point_of_impact', 'vehicle_left_hand_drive',
       'journey_purpose_of_driver', 'sex_of_driver', 'age_of_driver',
       'age_band_of_driver', 'engine_capacity_cc', 'propulsion_code',
       'age_of_vehicle', 'generic_make_model', 'driver_imd_decile',
       'driver_home_area_type', 'lsoa_of_driver'],
      dtype='object')
[2023-01-17T21:08:03.145+0000] {logging_mixin.py:137} INFO - data integrated successfully
[2023-01-17T21:08:03.431+0000] {python.py:177} INFO - Done. Returned value was: None
[2023-01-17T21:08:03.711+0000] {taskinstance.py:1327} INFO - Marking task as SUCCESS. dag_id=accidents_data_etl_pipeline, task_id=extract_integrate_dataset, execution_date=20230117T210054, start_date=20230117T210713, end_date=20230117T210803
[2023-01-17T21:08:04.050+0000] {local_task_job.py:159} INFO - Task exited with return code 0
[2023-01-17T21:08:04.313+0000] {taskinstance.py:2582} INFO - 1 downstream tasks scheduled from follow-on schedule check
