[2023-01-17T19:50:20.767+0000] {taskinstance.py:1087} INFO - Dependencies all met for <TaskInstance: accidents_data_etl_pipeline.extract_integrate_dataset manual__2023-01-17T19:50:13.496664+00:00 [queued]>
[2023-01-17T19:50:20.838+0000] {taskinstance.py:1087} INFO - Dependencies all met for <TaskInstance: accidents_data_etl_pipeline.extract_integrate_dataset manual__2023-01-17T19:50:13.496664+00:00 [queued]>
[2023-01-17T19:50:20.842+0000] {taskinstance.py:1283} INFO - 
--------------------------------------------------------------------------------
[2023-01-17T19:50:20.845+0000] {taskinstance.py:1284} INFO - Starting attempt 1 of 2
[2023-01-17T19:50:20.846+0000] {taskinstance.py:1285} INFO - 
--------------------------------------------------------------------------------
[2023-01-17T19:50:21.303+0000] {taskinstance.py:1304} INFO - Executing <Task(PythonOperator): extract_integrate_dataset> on 2023-01-17 19:50:13.496664+00:00
[2023-01-17T19:50:21.370+0000] {standard_task_runner.py:55} INFO - Started process 293 to run task
[2023-01-17T19:50:21.392+0000] {standard_task_runner.py:82} INFO - Running: ['***', 'tasks', 'run', 'accidents_data_etl_pipeline', 'extract_integrate_dataset', 'manual__2023-01-17T19:50:13.496664+00:00', '--job-id', '13', '--raw', '--subdir', 'DAGS_FOLDER/etl.py', '--cfg-path', '/tmp/tmp359s1477']
[2023-01-17T19:50:21.399+0000] {standard_task_runner.py:83} INFO - Job 13: Subtask extract_integrate_dataset
[2023-01-17T19:50:21.978+0000] {task_command.py:389} INFO - Running <TaskInstance: accidents_data_etl_pipeline.extract_integrate_dataset manual__2023-01-17T19:50:13.496664+00:00 [running]> on host 7fc7752d3cb4
[2023-01-17T19:50:38.175+0000] {taskinstance.py:1513} INFO - Exporting the following env vars:
AIRFLOW_CTX_DAG_OWNER=***
AIRFLOW_CTX_DAG_ID=accidents_data_etl_pipeline
AIRFLOW_CTX_TASK_ID=extract_integrate_dataset
AIRFLOW_CTX_EXECUTION_DATE=2023-01-17T19:50:13.496664+00:00
AIRFLOW_CTX_TRY_NUMBER=1
AIRFLOW_CTX_DAG_RUN_ID=manual__2023-01-17T19:50:13.496664+00:00
[2023-01-17T19:50:38.222+0000] {logging_mixin.py:137} INFO - got file paths successfully
[2023-01-17T19:51:04.270+0000] {logging_mixin.py:137} WARNING - /home/***/.local/lib/python3.7/site-packages/***/operators/python.py:192 DtypeWarning: Columns (14) have mixed types.Specify dtype option on import or set low_memory=False.
[2023-01-17T19:51:38.703+0000] {logging_mixin.py:137} WARNING - /home/***/.local/lib/python3.7/site-packages/***/operators/python.py:192 DtypeWarning: Columns (10) have mixed types.Specify dtype option on import or set low_memory=False.
[2023-01-17T19:52:06.215+0000] {logging_mixin.py:137} INFO - loaded CSVs files to df successfully
[2023-01-17T19:53:38.777+0000] {local_task_job.py:159} INFO - Task exited with return code Negsignal.SIGKILL
[2023-01-17T19:53:54.728+0000] {taskinstance.py:2582} INFO - 0 downstream tasks scheduled from follow-on schedule check
