[2023-01-17T20:01:07.688+0000] {taskinstance.py:1087} INFO - Dependencies all met for <TaskInstance: accidents_data_etl_pipeline.extract_integrate_dataset manual__2023-01-17T20:00:55.597316+00:00 [queued]>
[2023-01-17T20:01:07.760+0000] {taskinstance.py:1087} INFO - Dependencies all met for <TaskInstance: accidents_data_etl_pipeline.extract_integrate_dataset manual__2023-01-17T20:00:55.597316+00:00 [queued]>
[2023-01-17T20:01:07.762+0000] {taskinstance.py:1283} INFO - 
--------------------------------------------------------------------------------
[2023-01-17T20:01:07.764+0000] {taskinstance.py:1284} INFO - Starting attempt 1 of 2
[2023-01-17T20:01:07.765+0000] {taskinstance.py:1285} INFO - 
--------------------------------------------------------------------------------
[2023-01-17T20:01:07.836+0000] {taskinstance.py:1304} INFO - Executing <Task(PythonOperator): extract_integrate_dataset> on 2023-01-17 20:00:55.597316+00:00
[2023-01-17T20:01:07.870+0000] {standard_task_runner.py:55} INFO - Started process 748 to run task
[2023-01-17T20:01:07.908+0000] {standard_task_runner.py:82} INFO - Running: ['***', 'tasks', 'run', 'accidents_data_etl_pipeline', 'extract_integrate_dataset', 'manual__2023-01-17T20:00:55.597316+00:00', '--job-id', '14', '--raw', '--subdir', 'DAGS_FOLDER/etl.py', '--cfg-path', '/tmp/tmpyzfw7jrw']
[2023-01-17T20:01:07.958+0000] {standard_task_runner.py:83} INFO - Job 14: Subtask extract_integrate_dataset
[2023-01-17T20:01:08.771+0000] {task_command.py:389} INFO - Running <TaskInstance: accidents_data_etl_pipeline.extract_integrate_dataset manual__2023-01-17T20:00:55.597316+00:00 [running]> on host 7fc7752d3cb4
[2023-01-17T20:01:09.844+0000] {taskinstance.py:1513} INFO - Exporting the following env vars:
AIRFLOW_CTX_DAG_OWNER=***
AIRFLOW_CTX_DAG_ID=accidents_data_etl_pipeline
AIRFLOW_CTX_TASK_ID=extract_integrate_dataset
AIRFLOW_CTX_EXECUTION_DATE=2023-01-17T20:00:55.597316+00:00
AIRFLOW_CTX_TRY_NUMBER=1
AIRFLOW_CTX_DAG_RUN_ID=manual__2023-01-17T20:00:55.597316+00:00
[2023-01-17T20:01:09.853+0000] {logging_mixin.py:137} INFO - got file paths successfully
[2023-01-17T20:01:18.510+0000] {logging_mixin.py:137} WARNING - /home/***/.local/lib/python3.7/site-packages/***/operators/python.py:192 DtypeWarning: Columns (14) have mixed types.Specify dtype option on import or set low_memory=False.
[2023-01-17T20:01:27.671+0000] {logging_mixin.py:137} WARNING - /home/***/.local/lib/python3.7/site-packages/***/operators/python.py:192 DtypeWarning: Columns (10) have mixed types.Specify dtype option on import or set low_memory=False.
[2023-01-17T20:01:56.292+0000] {logging_mixin.py:137} WARNING - /home/***/.local/lib/python3.7/site-packages/***/operators/python.py:192 DtypeWarning: Columns (0,2,14) have mixed types.Specify dtype option on import or set low_memory=False.
[2023-01-17T20:02:41.175+0000] {logging_mixin.py:137} INFO - loaded CSVs files to df successfully
[2023-01-17T20:03:30.691+0000] {local_task_job.py:159} INFO - Task exited with return code Negsignal.SIGKILL
[2023-01-17T20:03:38.963+0000] {taskinstance.py:2582} INFO - 0 downstream tasks scheduled from follow-on schedule check
